<?xml version="1.0" encoding="UTF-8"?>
<!-- Generated by org.testng.reporters.JUnitReportReporter -->
<testsuite hostname="RAGHU" name="testCases.TestNgAnn" tests="5" failures="0" timestamp="28 Jun 2017 08:36:04 GMT" time="0.026" errors="0">
  <testcase name="test5" time="0.004" classname="testCases.TestNgAnn"/>
  <testcase name="test3" time="0.004" classname="testCases.TestNgAnn"/>
  <testcase name="test1" time="0.003" classname="testCases.TestNgAnn"/>
  <testcase name="test4" time="0.003" classname="testCases.TestNgAnn"/>
  <testcase name="test2" time="0.012" classname="testCases.TestNgAnn"/>
</testsuite> <!-- testCases.TestNgAnn -->
