<?xml version="1.0" encoding="UTF-8"?>
<!-- Generated by org.testng.reporters.JUnitReportReporter -->
<testsuite hostname="RAGHU" name="reusableFunctions.Callbrowser" tests="1" failures="0" timestamp="26 May 2017 07:44:14 GMT" time="0.014" errors="0">
  <testcase name="initialise" time="0.014" classname="reusableFunctions.Callbrowser"/>
</testsuite> <!-- reusableFunctions.Callbrowser -->
