<?xml version="1.0" encoding="UTF-8"?>
<!-- Generated by org.testng.reporters.JUnitReportReporter -->
<testsuite hostname="RAGHU" name="testCases.Testcaseone" tests="1" failures="0" timestamp="2 Jun 2017 17:11:34 GMT" time="60.266" errors="0">
  <testcase name="testOne" time="60.266" classname="testCases.Testcaseone"/>
</testsuite> <!-- testCases.Testcaseone -->
