<?xml version="1.0" encoding="UTF-8"?>
<!-- Generated by org.testng.reporters.JUnitReportReporter -->
<testsuite hostname="RAGHU" name="testCases.Stringbuil" tests="5" failures="0" timestamp="12 Jun 2017 07:04:01 GMT" time="0.035" errors="0">
  <testcase name="polydrome" time="0.001" classname="testCases.Stringbuil"/>
  <testcase name="reverseAString" time="0.004" classname="testCases.Stringbuil"/>
  <testcase name="tofindduplicates" time="0.001" classname="testCases.Stringbuil"/>
  <testcase name="dupintwostrings" time="0.002" classname="testCases.Stringbuil"/>
  <testcase name="alternateuppercase" time="0.027" classname="testCases.Stringbuil"/>
</testsuite> <!-- testCases.Stringbuil -->
